14 Mei 2022 #00014
    - Perubahan tabelBerkas
      - menghapus kolom desa di tabelBerkas
      - mengubah nomor registrasi menjadi nomor sertipikat pada tabelBerkas
        - data yang digunakan untuk tabelBerkas sekarang adalah hasil join dari tb_berkas & tb_sertipikat
      - mengubah tombol reg_sertipikat menjadi nomor sertipikat
      - menambah badge 'Berkas Dicabut' di tabelBerkas
      - memperbaiki template berkas terdaftar, proses dan selesai pada tabelBerkas & tabelBPN
      - menghapus funsgsi sring_to_array() pada tabelBerkas.js
      - memindah fungsi berkasSelesai() ke dalam fungsi data_berkas() pada tabelBerkas.js
    - menambah list gitignore(controller/test, model/test & folder test)
    - memperbaiki bug post nomor reg_sertipikat pada form input berkas
      - sebelum fix reg_sertipikat di POST dengan value 0, setelah fix jika reg_sertipikat NULL maka tidak usah post reg_sertipikat
    - menghapus status_proses dari database & file
    - fix bug sidebarAdmin di load di halaman berkas dan sertipikat pada notaris
    - menghapus file tabelBerkasv2.php
    - menambah file tabelBerkas_staff.php(belum di edit)


12 Mei 2022 #00013
    - Menambah user notaris
        - menambah halaman notaris
        - membuat halaman manajemen user menampilkan semua user kecuali user notaris
        - membuat form input user memiliki opsi untuk memilih role user
    - Mencegah user notaris masuk ke halaman admin dan sebaliknya
        - jika user notaris masuk ke halaman admin, maka akan diarahkan ke halaman autentikasi/acc_block dan sebaliknya
    

12 Mei 2022 #00012
    - Menambah kartu estimasi di halaman dashboard
    - Menambah text di kartu berkas dan sertipikat di dashboard 

9 Mei 2022 #00011
    - menambah kolom estimasi di tabel proses BPN
    - memperbaiki input tanggal proses BPN

1 Mei 2022 #00010
    - Menambah fungsi input Proses BPN

30 April 2022 #00009
    - menambah menu pencatatan proses BPN
      - membuat controller pencatatan proses BPN
      - membuat hamaman pencatatan proses BPN
      - membuat model pencatatan proses BPN
      - membuat script pencatatan proses BPN
      - membuat tabel pencatatan proses BPN 

29 April 2022 #00008
    - menambah tombol edit di tabel sertipikat

28 April 2022 #00007
    - menghapus form input sertipikat di halaman manajemen berkas

27 April 2022 #00006
    - Memperbaiki form input berkas di halaman tabelBerkas
      - memperbaiki tot_bayar tidak ikut terPOST saat melakukan input
      - menghapus comma separation di tot_bayar
      - memperbaiki tombol switch form input sertipikat

26 April 2022 #00005
    - Hapus kode sampah di footer
    - Memperbaiki kolom jenis berkas di form edit tabel berkas, value jenis_berkas akan hilang jika tidak jenis berkas tidak di submit ulang
    - memperbaiki kolom desa di input berkas & edit berkas tidak memunculkan desa setelah memilih kecamatan

25 April 2022 #00004
    - hapus kolom status proses di modal edit 
    - memperbaiki masalah saat update data, 'berkas_selesai' kembali menjadi 'proses' saat selesai edit data

23 Desember 2021 #00003
    - fix base_url di tabelBerkas.js

16 Desember 2021 #00002
    - Memisah script tabelBerkas ke assets/vendor/custom.js
    - Perbaikan Input sertipikat tabelsertipikat 


16 Desember 2021 #00001
    - Perbaikan input berkas & sertipikat
    - perbaikan tombol proses & berkas selsesi
    - perbaikan pemilihan kecamatan di input berkas